<?xml version="1.0" encoding="UTF-8"?>
<!-- Generated by org.testng.reporters.JUnitXMLReporter -->
<testsuite hostname="INHD0883" ignored="0" name="SecondTest" tests="1" failures="1" timestamp="22 Aug 2017 08:49:35 GMT" time="25.348" errors="0">
  <testcase name="@AfterMethod closebrowser" time="0.0" classname="browserstack.TestBase">
    <failure type="java.lang.NullPointerException">
      <![CDATA[java.lang.NullPointerException
	at browserstack.TestBase.closebrowser(TestBase.java:95)
	at java.util.concurrent.FutureTask.run(FutureTask.java:266)
	at java.util.concurrent.ThreadPoolExecutor.runWorker(ThreadPoolExecutor.java:1142)
	at java.util.concurrent.ThreadPoolExecutor$Worker.run(ThreadPoolExecutor.java:617)
	at java.lang.Thread.run(Thread.java:748)
... Removed 18 stack frames]]>
    </failure>
  </testcase> <!-- @AfterMethod closebrowser -->
  <testcase name="@AfterTest exitbrowser" time="0.0" classname="browserstack.TestBase">
    <skipped/>
  </testcase> <!-- @AfterTest exitbrowser -->
  <testcase name="verifyPartsAvailability" time="0.014" classname="browserstacktestcase.PartsAvailabilitybrowserstack">
    <failure type="java.lang.NullPointerException">
      <![CDATA[java.lang.NullPointerException
	at org.openqa.selenium.support.pagefactory.DefaultElementLocator.findElement(DefaultElementLocator.java:69)
	at org.openqa.selenium.support.pagefactory.internal.LocatingElementHandler.invoke(LocatingElementHandler.java:38)
	at com.sun.proxy.$Proxy10.getTagName(Unknown Source)
	at org.openqa.selenium.support.ui.Select.<init>(Select.java:44)
	at org.emdcs.partsavailability.pageobject.PartsAvailability.Selectdealer(PartsAvailability.java:205)
	at org.emdcs.partsavailability.module.PartsAvailabilityModule.partsAvailability(PartsAvailabilityModule.java:21)
	at browserstacktestcase.PartsAvailabilitybrowserstack.verifyPartsAvailability(PartsAvailabilitybrowserstack.java:36)
	at java.util.concurrent.FutureTask.run(FutureTask.java:266)
	at java.util.concurrent.ThreadPoolExecutor.runWorker(ThreadPoolExecutor.java:1142)
	at java.util.concurrent.ThreadPoolExecutor$Worker.run(ThreadPoolExecutor.java:617)
	at java.lang.Thread.run(Thread.java:748)
... Removed 16 stack frames]]>
    </failure>
  </testcase> <!-- verifyPartsAvailability -->
</testsuite> <!-- SecondTest -->
