<?xml version="1.0" encoding="UTF-8" ?>
<testsuite tests="31" failures="2" name="TestSuite" time="89.329" errors="0" skipped="28">
  <properties>
[...]
</properties>
  <testcase classname="org.emdcs.test.partsordering.MazdaSpecialRestrictedPartsOrderinTest" name="Verify_MazdaSpecialRestrictedPartsOrderin" time="13.773">
    <failure message="no such element: Unable to locate element: {&quot;method&quot;:&quot;id&quot;,&quot;selector&quot;:&quot;recallNo&quot;}
  (Session info: chrome=59.0.3071.115)
  (Driver info: chromedriver=2.31.488763 (092de99f48a300323ecf8c2a4e2e7cab51de5ba8),platform=Windows NT 6.1.7601 SP1 x86_64) (WARNING: The server did not provide any stacktrace information)
Command duration or timeout: 10.07 seconds
For documentation on this error, please visit: http://seleniumhq.org/exceptions/no_such_element.html
Build info: version: &apos;3.4.0&apos;, revision: &apos;unknown&apos;, time: &apos;unknown&apos;
System info: host: &apos;INHD0883&apos;, ip: &apos;192.168.131.120&apos;, os.name: &apos;Windows 7&apos;, os.arch: &apos;amd64&apos;, os.version: &apos;6.1&apos;, java.version: &apos;1.8.0_131&apos;
Driver info: org.openqa.selenium.chrome.ChromeDriver
Capabilities [{applicationCacheEnabled=false, rotatable=false, mobileEmulationEnabled=false, networkConnectionEnabled=false, chrome={chromedriverVersion=2.31.488763 (092de99f48a300323ecf8c2a4e2e7cab51de5ba8), userDataDir=C:\Users\BHOOPE~1\AppData\Local\Temp\scoped_dir27380_30290}, takesHeapSnapshot=true, pageLoadStrategy=normal, databaseEnabled=false, handlesAlerts=true, hasTouchScreen=false, version=59.0.3071.115, platform=XP, browserConnectionEnabled=false, nativeEvents=true, acceptSslCerts=true, locationContextEnabled=true, webStorageEnabled=true, browserName=chrome, takesScreenshot=true, javascriptEnabled=true, cssSelectorsEnabled=true, setWindowRect=true, unexpectedAlertBehaviour=}]
Session ID: 419d55a77e63356254bdb98d3eaa0ff3
*** Element info: {Using=id, value=recallNo}" type="org.openqa.selenium.NoSuchElementException">org.openqa.selenium.NoSuchElementException: no such element: Unable to locate element: {&quot;method&quot;:&quot;id&quot;,&quot;selector&quot;:&quot;recallNo&quot;}
  (Session info: chrome=59.0.3071.115)
  (Driver info: chromedriver=2.31.488763 (092de99f48a300323ecf8c2a4e2e7cab51de5ba8),platform=Windows NT 6.1.7601 SP1 x86_64) (WARNING: The server did not provide any stacktrace information)
Command duration or timeout: 10.07 seconds
For documentation on this error, please visit: http://seleniumhq.org/exceptions/no_such_element.html
Build info: version: &apos;3.4.0&apos;, revision: &apos;unknown&apos;, time: &apos;unknown&apos;
System info: host: &apos;INHD0883&apos;, ip: &apos;192.168.131.120&apos;, os.name: &apos;Windows 7&apos;, os.arch: &apos;amd64&apos;, os.version: &apos;6.1&apos;, java.version: &apos;1.8.0_131&apos;
Driver info: org.openqa.selenium.chrome.ChromeDriver
Capabilities [{applicationCacheEnabled=false, rotatable=false, mobileEmulationEnabled=false, networkConnectionEnabled=false, chrome={chromedriverVersion=2.31.488763 (092de99f48a300323ecf8c2a4e2e7cab51de5ba8), userDataDir=C:\Users\BHOOPE~1\AppData\Local\Temp\scoped_dir27380_30290}, takesHeapSnapshot=true, pageLoadStrategy=normal, databaseEnabled=false, handlesAlerts=true, hasTouchScreen=false, version=59.0.3071.115, platform=XP, browserConnectionEnabled=false, nativeEvents=true, acceptSslCerts=true, locationContextEnabled=true, webStorageEnabled=true, browserName=chrome, takesScreenshot=true, javascriptEnabled=true, cssSelectorsEnabled=true, setWindowRect=true, unexpectedAlertBehaviour=}]
Session ID: 419d55a77e63356254bdb98d3eaa0ff3
*** Element info: {Using=id, value=recallNo}
	at sun.reflect.NativeConstructorAccessorImpl.newInstance0(Native Method)
	at sun.reflect.NativeConstructorAccessorImpl.newInstance(NativeConstructorAccessorImpl.java:62)
	at sun.reflect.DelegatingConstructorAccessorImpl.newInstance(DelegatingConstructorAccessorImpl.java:45)
	at java.lang.reflect.Constructor.newInstance(Constructor.java:423)
	at org.openqa.selenium.remote.ErrorHandler.createThrowable(ErrorHandler.java:215)
	at org.openqa.selenium.remote.ErrorHandler.throwIfResponseFailed(ErrorHandler.java:167)
	at org.openqa.selenium.remote.RemoteWebDriver.execute(RemoteWebDriver.java:671)
	at org.openqa.selenium.remote.RemoteWebDriver.findElement(RemoteWebDriver.java:410)
	at org.openqa.selenium.remote.RemoteWebDriver.findElementById(RemoteWebDriver.java:453)
	at org.openqa.selenium.By$ById.findElement(By.java:218)
	at org.openqa.selenium.remote.RemoteWebDriver.findElement(RemoteWebDriver.java:402)
	at org.openqa.selenium.support.pagefactory.DefaultElementLocator.findElement(DefaultElementLocator.java:69)
	at org.openqa.selenium.support.pagefactory.internal.LocatingElementHandler.invoke(LocatingElementHandler.java:38)
	at com.sun.proxy.$Proxy10.getTagName(Unknown Source)
	at org.openqa.selenium.support.ui.Select.&lt;init&gt;(Select.java:44)
	at org.emdcs.partsordering.pageobject.MazdaSpecialRestrictedPartsOrdering.SelectselectRecalNo(MazdaSpecialRestrictedPartsOrdering.java:54)
	at org.emdcs.partsordering.module.MazdaSpecialRestrictedPartsOrderinModule.mazdaSpecialRestrictedPartsOrdering(MazdaSpecialRestrictedPartsOrderinModule.java:22)
	at org.emdcs.test.partsordering.MazdaSpecialRestrictedPartsOrderinTest.Verify_MazdaSpecialRestrictedPartsOrderin(MazdaSpecialRestrictedPartsOrderinTest.java:21)
</failure>
    <system-out>@HL
@HL-------------------------------------------------------
@HL T E S T S
@HL-------------------------------------------------------
@SLRunning TestSuite
@SLRunning TestSuite
1
Pre-Method lounched
https://portaltest.mazdausa.com/m272/EMDCSPartsMenu/PartsRequest?id=PARTS_MENU&amp;at_hr=15&amp;at_min=51&amp;at_sec=34&amp;dealerCode=10102
</system-out>
    <system-err>Aug 09, 2017 4:21:46 PM org.openqa.selenium.remote.ProtocolHandshake createSession
INFO: Detected dialect: OSS
</system-err>
  </testcase>
  <testcase classname="org.emdcs.test.partsordering.ServiceandPartsSalesBankOrderingTest" name="VerifyServiceandPartsSalesBankOrder" time="51.974"/>
  <testcase classname="org.emdcs.test.partsordering.SSOOrderingTest" name="launchbrowser" time="52.335">
    <failure message="no such window: target window already closed
from unknown error: web view not found
  (Session info: chrome=59.0.3071.115)
  (Driver info: chromedriver=2.31.488763 (092de99f48a300323ecf8c2a4e2e7cab51de5ba8),platform=Windows NT 6.1.7601 SP1 x86_64) (WARNING: The server did not provide any stacktrace information)
Command duration or timeout: 10 milliseconds
Build info: version: &apos;3.4.0&apos;, revision: &apos;unknown&apos;, time: &apos;unknown&apos;
System info: host: &apos;INHD0883&apos;, ip: &apos;192.168.131.120&apos;, os.name: &apos;Windows 7&apos;, os.arch: &apos;amd64&apos;, os.version: &apos;6.1&apos;, java.version: &apos;1.8.0_131&apos;
Driver info: org.openqa.selenium.chrome.ChromeDriver
Capabilities [{applicationCacheEnabled=false, rotatable=false, mobileEmulationEnabled=false, networkConnectionEnabled=false, chrome={chromedriverVersion=2.31.488763 (092de99f48a300323ecf8c2a4e2e7cab51de5ba8), userDataDir=C:\Users\BHOOPE~1\AppData\Local\Temp\scoped_dir27380_30290}, takesHeapSnapshot=true, pageLoadStrategy=normal, databaseEnabled=false, handlesAlerts=true, hasTouchScreen=false, version=59.0.3071.115, platform=XP, browserConnectionEnabled=false, nativeEvents=true, acceptSslCerts=true, locationContextEnabled=true, webStorageEnabled=true, browserName=chrome, takesScreenshot=true, javascriptEnabled=true, cssSelectorsEnabled=true, setWindowRect=true, unexpectedAlertBehaviour=}]
Session ID: 419d55a77e63356254bdb98d3eaa0ff3" type="org.openqa.selenium.NoSuchWindowException">org.openqa.selenium.NoSuchWindowException: no such window: target window already closed
from unknown error: web view not found
  (Session info: chrome=59.0.3071.115)
  (Driver info: chromedriver=2.31.488763 (092de99f48a300323ecf8c2a4e2e7cab51de5ba8),platform=Windows NT 6.1.7601 SP1 x86_64) (WARNING: The server did not provide any stacktrace information)
Command duration or timeout: 10 milliseconds
Build info: version: &apos;3.4.0&apos;, revision: &apos;unknown&apos;, time: &apos;unknown&apos;
System info: host: &apos;INHD0883&apos;, ip: &apos;192.168.131.120&apos;, os.name: &apos;Windows 7&apos;, os.arch: &apos;amd64&apos;, os.version: &apos;6.1&apos;, java.version: &apos;1.8.0_131&apos;
Driver info: org.openqa.selenium.chrome.ChromeDriver
Capabilities [{applicationCacheEnabled=false, rotatable=false, mobileEmulationEnabled=false, networkConnectionEnabled=false, chrome={chromedriverVersion=2.31.488763 (092de99f48a300323ecf8c2a4e2e7cab51de5ba8), userDataDir=C:\Users\BHOOPE~1\AppData\Local\Temp\scoped_dir27380_30290}, takesHeapSnapshot=true, pageLoadStrategy=normal, databaseEnabled=false, handlesAlerts=true, hasTouchScreen=false, version=59.0.3071.115, platform=XP, browserConnectionEnabled=false, nativeEvents=true, acceptSslCerts=true, locationContextEnabled=true, webStorageEnabled=true, browserName=chrome, takesScreenshot=true, javascriptEnabled=true, cssSelectorsEnabled=true, setWindowRect=true, unexpectedAlertBehaviour=}]
Session ID: 419d55a77e63356254bdb98d3eaa0ff3
	at sun.reflect.NativeConstructorAccessorImpl.newInstance0(Native Method)
	at sun.reflect.NativeConstructorAccessorImpl.newInstance(NativeConstructorAccessorImpl.java:62)
	at sun.reflect.DelegatingConstructorAccessorImpl.newInstance(DelegatingConstructorAccessorImpl.java:45)
	at java.lang.reflect.Constructor.newInstance(Constructor.java:423)
	at org.openqa.selenium.remote.ErrorHandler.createThrowable(ErrorHandler.java:215)
	at org.openqa.selenium.remote.ErrorHandler.throwIfResponseFailed(ErrorHandler.java:167)
	at org.openqa.selenium.remote.RemoteWebDriver.execute(RemoteWebDriver.java:671)
	at org.openqa.selenium.remote.RemoteWebDriver.get(RemoteWebDriver.java:364)
	at org.emdcs.partsordering.pageobject.LoginEmdcs.openEMDCS(LoginEmdcs.java:37)
	at org.emdcs.partsordering.module.LoginEmdcsModule.Loginuser(LoginEmdcsModule.java:17)
	at core.Launchbrowser.launchbrowser(Launchbrowser.java:67)
	at sun.reflect.NativeMethodAccessorImpl.invoke0(Native Method)
	at sun.reflect.NativeMethodAccessorImpl.invoke(NativeMethodAccessorImpl.java:62)
	at sun.reflect.DelegatingMethodAccessorImpl.invoke(DelegatingMethodAccessorImpl.java:43)
	at java.lang.reflect.Method.invoke(Method.java:498)
	at org.testng.internal.MethodInvocationHelper.invokeMethod(MethodInvocationHelper.java:104)
	at org.testng.internal.Invoker.invokeConfigurationMethod(Invoker.java:515)
	at org.testng.internal.Invoker.invokeConfigurations(Invoker.java:217)
	at org.testng.internal.Invoker.invokeMethod(Invoker.java:590)
	at org.testng.internal.Invoker.invokeTestMethod(Invoker.java:851)
	at org.testng.internal.Invoker.invokeTestMethods(Invoker.java:1177)
	at org.testng.internal.TestMethodWorker.invokeTestMethods(TestMethodWorker.java:129)
	at org.testng.internal.TestMethodWorker.run(TestMethodWorker.java:112)
	at org.testng.TestRunner.privateRun(TestRunner.java:756)
	at org.testng.TestRunner.run(TestRunner.java:610)
	at org.testng.SuiteRunner.runTest(SuiteRunner.java:387)
	at org.testng.SuiteRunner.runSequentially(SuiteRunner.java:382)
	at org.testng.SuiteRunner.privateRun(SuiteRunner.java:340)
	at org.testng.SuiteRunner.run(SuiteRunner.java:289)
	at org.testng.SuiteRunnerWorker.runSuite(SuiteRunnerWorker.java:52)
	at org.testng.SuiteRunnerWorker.run(SuiteRunnerWorker.java:86)
	at org.testng.TestNG.runSuitesSequentially(TestNG.java:1293)
	at org.testng.TestNG.runSuitesLocally(TestNG.java:1218)
	at org.testng.TestNG.runSuites(TestNG.java:1133)
	at org.testng.TestNG.run(TestNG.java:1104)
	at org.apache.maven.surefire.testng.TestNGExecutor.run(TestNGExecutor.java:61)
	at org.apache.maven.surefire.testng.TestNGDirectoryTestSuite.executeMulti(TestNGDirectoryTestSuite.java:163)
	at org.apache.maven.surefire.testng.TestNGDirectoryTestSuite.execute(TestNGDirectoryTestSuite.java:112)
	at org.apache.maven.surefire.testng.TestNGProvider.invoke(TestNGProvider.java:111)
	at sun.reflect.NativeMethodAccessorImpl.invoke0(Native Method)
	at sun.reflect.NativeMethodAccessorImpl.invoke(NativeMethodAccessorImpl.java:62)
	at sun.reflect.DelegatingMethodAccessorImpl.invoke(DelegatingMethodAccessorImpl.java:43)
	at java.lang.reflect.Method.invoke(Method.java:498)
	at org.apache.maven.surefire.booter.ProviderFactory$ClassLoaderProxy.invoke(ProviderFactory.java:103)
	at com.sun.proxy.$Proxy0.invoke(Unknown Source)
	at org.apache.maven.surefire.booter.SurefireStarter.invokeProvider(SurefireStarter.java:145)
	at org.apache.maven.surefire.booter.SurefireStarter.runSuitesInProcess(SurefireStarter.java:87)
	at org.apache.maven.surefire.booter.ForkedBooter.main(ForkedBooter.java:69)
</failure>
    <system-out>Pre-Method lounched
https://portaltest.mazdausa.com/m272/EMDCSPartsMenu/PartsRequest?id=PARTS_MENU&amp;at_hr=15&amp;at_min=51&amp;at_sec=34&amp;dealerCode=10102
</system-out>
  </testcase>
  <testcase classname="org.emdcs.test.partsordering.SSOOrderingTest" name="VerifySSOpartsOrdering" time="0">
    <skipped/>
  </testcase>
  <testcase classname="org.emdcs.test.partsordering.SSOOrderingTest" name="closebrowser" time="0">
    <skipped/>
  </testcase>
  <testcase classname="org.emdcs.test.partsreturn.PartsReturnRequestTest" name="launchbrowser" time="0">
    <skipped/>
  </testcase>
  <testcase classname="org.emdcs.test.partsreturn.PartsReturnRequestTest" name="VerifyPartsReturnRequest" time="0">
    <skipped/>
  </testcase>
  <testcase classname="org.emdcs.test.partsreturn.PartsReturnRequestTest" name="closebrowser" time="0">
    <skipped/>
  </testcase>
  <testcase classname="org.emdcs.test.partsordering.SSOOrderingTest" name="launchbrowser" time="0">
    <skipped/>
  </testcase>
  <testcase classname="org.emdcs.test.partsordering.SSOOrderingTest" name="VerifySSOpartsinquiry" time="0">
    <skipped/>
  </testcase>
  <testcase classname="org.emdcs.test.partsordering.SSOOrderingTest" name="closebrowser" time="0">
    <skipped/>
  </testcase>
  <testcase classname="org.emdcs.test.partsordering.SSOOrderingTest" name="launchbrowser" time="0">
    <skipped/>
  </testcase>
  <testcase classname="org.emdcs.test.partsordering.SSOOrderingTest" name="VerifySSOPartsReset" time="0.01">
    <skipped/>
  </testcase>
  <testcase classname="org.emdcs.test.partsordering.SSOOrderingTest" name="closebrowser" time="0.01">
    <skipped/>
  </testcase>
  <testcase classname="org.emdcs.test.partsordering.SSOOrderingTest" name="launchbrowser" time="0.01">
    <skipped/>
  </testcase>
  <testcase classname="org.emdcs.test.partsordering.SSOOrderingTest" name="VerifyAddAdditionalParts" time="0">
    <skipped/>
  </testcase>
  <testcase classname="org.emdcs.test.partsordering.SSOOrderingTest" name="closebrowser" time="0">
    <skipped/>
  </testcase>
  <testcase classname="org.emdcs.test.partsordering.CSOOrderingTest" name="launchbrowser" time="0">
    <skipped/>
  </testcase>
  <testcase classname="org.emdcs.test.partsordering.CSOOrderingTest" name="VerifyCSOpartsOrdering" time="0">
    <skipped/>
  </testcase>
  <testcase classname="org.emdcs.test.partsordering.CSOOrderingTest" name="closebrowser" time="0">
    <skipped/>
  </testcase>
  <testcase classname="org.emdcs.test.partsordering.CSOOrderingTest" name="launchbrowser" time="0">
    <skipped/>
  </testcase>
  <testcase classname="org.emdcs.test.partsordering.CSOOrderingTest" name="Verifypartsinquiry" time="0">
    <skipped/>
  </testcase>
  <testcase classname="org.emdcs.test.partsordering.CSOOrderingTest" name="closebrowser" time="0">
    <skipped/>
  </testcase>
  <testcase classname="org.emdcs.test.partsordering.CSOOrderingTest" name="launchbrowser" time="0">
    <skipped/>
  </testcase>
  <testcase classname="org.emdcs.test.partsordering.CSOOrderingTest" name="VerifyCSOPartsReset" time="0">
    <skipped/>
  </testcase>
  <testcase classname="org.emdcs.test.partsordering.CSOOrderingTest" name="closebrowser" time="0">
    <skipped/>
  </testcase>
  <testcase classname="org.emdcs.test.partsordering.CSOOrderingTest" name="launchbrowser" time="0">
    <skipped/>
  </testcase>
  <testcase classname="org.emdcs.test.partsordering.CSOOrderingTest" name="VerifyAddAdditionalParts" time="0">
    <skipped/>
  </testcase>
  <testcase classname="org.emdcs.test.partsordering.CSOOrderingTest" name="closebrowser" time="0">
    <skipped/>
  </testcase>
  <testcase classname="org.emdcs.test.partsordering.CSOOrderingTest" name="exitbrowser" time="0">
    <skipped/>
  </testcase>
  <testcase classname="org.emdcs.test.partsordering.CSOOrderingTest" name="tearDown" time="0.05">
    <skipped/>
  </testcase>
</testsuite>