<?xml version="1.0" encoding="UTF-8"?>
<testng-results skipped="0" failed="0" ignored="0" total="1" passed="1">
  <reporter-output>
  </reporter-output>
  <suite name="Suite" duration-ms="36836" started-at="2017-08-21T08:40:41Z" finished-at="2017-08-21T08:41:18Z">
    <groups>
    </groups>
    <test name="Test" duration-ms="36836" started-at="2017-08-21T08:40:41Z" finished-at="2017-08-21T08:41:18Z">
      <class name="core.TestBase">
        <test-method status="PASS" signature="setUp()[pri:0, instance:core.TestBase@1936f0f5]" name="setUp" is-config="true" duration-ms="18049" started-at="2017-08-21T14:10:42Z" finished-at="2017-08-21T14:11:00Z">
          <reporter-output>
          </reporter-output>
        </test-method> <!-- setUp -->
        <test-method status="PASS" signature="testSimple()[pri:0, instance:core.TestBase@1936f0f5]" name="testSimple" duration-ms="4554" started-at="2017-08-21T14:11:00Z" finished-at="2017-08-21T14:11:04Z">
          <reporter-output>
          </reporter-output>
        </test-method> <!-- testSimple -->
        <test-method status="PASS" signature="tearDown()[pri:0, instance:core.TestBase@1936f0f5]" name="tearDown" is-config="true" duration-ms="14194" started-at="2017-08-21T14:11:04Z" finished-at="2017-08-21T14:11:18Z">
          <reporter-output>
          </reporter-output>
        </test-method> <!-- tearDown -->
      </class> <!-- core.TestBase -->
    </test> <!-- Test -->
  </suite> <!-- Suite -->
</testng-results>
